Build started 11/28/2015 9:47:20 PM.
     1>Project "C:\ChatScript\LOEBNERVS2010\loebner_chatbot\loebner_chatbot.vcxproj" on node 2 (build target(s)).
     1>InitializeBuildStatus:
         Touching "Debug\loebner_chatbot.unsuccessfulbuild".
       ClCompile:
         C:\Program Files (x86)\Microsoft Visual Studio 10.0\VC\bin\CL.exe /c /ZI /nologo /W3 /WX- /Od /Oy- /D LOEBNER /D WIN32 /D _DEBUG /D _WINDOWS /D _LOEBNER /D _MBCS /Gm /EHsc /RTC1 /MTd /GS /fp:precise /Zc:wchar_t /Zc:forScope /Fo"Debug\\" /Fd"Debug\vc100.pdb" /FR"Debug\\" /Gd /TP /analyze- /errorReport:prompt ..\..\src\functionExecute.cpp /J 
         functionExecute.cpp
       ResourceCompile:
         c:\Program Files (x86)\Microsoft SDKs\Windows\v7.0A\bin\rc.exe /l"0x0409" /nologo /fo"Debug\loebner_chatbot.res" loebner_chatbot.rc 
       ManifestResourceCompile:
         c:\Program Files (x86)\Microsoft SDKs\Windows\v7.0A\bin\rc.exe /nologo /fo"Debug\loebner.exe.embed.manifest.res" Debug\loebner_manifest.rc 
       Link:
         C:\Program Files (x86)\Microsoft Visual Studio 10.0\VC\bin\link.exe /ERRORREPORT:PROMPT /OUT:"..\..\loebner.exe" /INCREMENTAL /NOLOGO Ws2_32.lib Winmm.lib kernel32.lib user32.lib gdi32.lib winspool.lib comdlg32.lib advapi32.lib shell32.lib ole32.lib oleaut32.lib uuid.lib odbc32.lib odbccp32.lib /NODEFAULTLIB:Nafxcwd.lib /MANIFEST /ManifestFile:"Debug\loebner.exe.intermediate.manifest" /MANIFESTUAC:"level='asInvoker' uiAccess='false'" /DEBUG /PDB:"C:\ChatScript\loebner.pdb" /SUBSYSTEM:WINDOWS /TLBID:1 /DYNAMICBASE /NXCOMPAT /IMPLIB:"..\..\loebner.lib" /MACHINE:X86 Debug\loebner_chatbot.res
         Debug\loebner.exe.embed.manifest.res
         Debug\constructCode.obj
         Debug\csocket.obj
         Debug\dictionarySystem.obj
         Debug\english.obj
         Debug\englishtagger.obj
         Debug\factSystem.obj
         Debug\functionExecute.obj
         Debug\infer.obj
         Debug\jsmn.obj
         Debug\mainSystem.obj
         Debug\markSystem.obj
         Debug\os.obj
         Debug\outputSystem.obj
         Debug\patternSystem.obj
         Debug\readrawdata.obj
         Debug\scriptCompile.obj
         Debug\spellcheck.obj
         Debug\systemVariables.obj
         Debug\tagger.obj
         Debug\testing.obj
         Debug\textUtilities.obj
         Debug\tokenSystem.obj
         Debug\topicSystem.obj
         Debug\userCache.obj
         Debug\userSystem.obj
         Debug\variableSystem.obj
         Debug\loebner_chatbot.obj
         Debug\stdafx.obj
       Manifest:
         c:\Program Files (x86)\Microsoft SDKs\Windows\v7.0A\bin\mt.exe /nologo /verbose /out:"Debug\loebner.exe.embed.manifest" /manifest Debug\loebner.exe.intermediate.manifest
         c:\Program Files (x86)\Microsoft SDKs\Windows\v7.0A\bin\rc.exe /nologo /fo"Debug\loebner.exe.embed.manifest.res" Debug\loebner_manifest.rc 
       LinkEmbedManifest:
         C:\Program Files (x86)\Microsoft Visual Studio 10.0\VC\bin\link.exe /ERRORREPORT:PROMPT /OUT:"..\..\loebner.exe" /INCREMENTAL /NOLOGO Ws2_32.lib Winmm.lib kernel32.lib user32.lib gdi32.lib winspool.lib comdlg32.lib advapi32.lib shell32.lib ole32.lib oleaut32.lib uuid.lib odbc32.lib odbccp32.lib /NODEFAULTLIB:Nafxcwd.lib /MANIFEST /ManifestFile:"Debug\loebner.exe.intermediate.manifest" /MANIFESTUAC:"level='asInvoker' uiAccess='false'" /DEBUG /PDB:"C:\ChatScript\loebner.pdb" /SUBSYSTEM:WINDOWS /TLBID:1 /DYNAMICBASE /NXCOMPAT /IMPLIB:"..\..\loebner.lib" /MACHINE:X86 Debug\loebner_chatbot.res
         Debug\loebner.exe.embed.manifest.res
         Debug\constructCode.obj
         Debug\csocket.obj
         Debug\dictionarySystem.obj
         Debug\english.obj
         Debug\englishtagger.obj
         Debug\factSystem.obj
         Debug\functionExecute.obj
         Debug\infer.obj
         Debug\jsmn.obj
         Debug\mainSystem.obj
         Debug\markSystem.obj
         Debug\os.obj
         Debug\outputSystem.obj
         Debug\patternSystem.obj
         Debug\readrawdata.obj
         Debug\scriptCompile.obj
         Debug\spellcheck.obj
         Debug\systemVariables.obj
         Debug\tagger.obj
         Debug\testing.obj
         Debug\textUtilities.obj
         Debug\tokenSystem.obj
         Debug\topicSystem.obj
         Debug\userCache.obj
         Debug\userSystem.obj
         Debug\variableSystem.obj
         Debug\loebner_chatbot.obj
         Debug\stdafx.obj
         loebner_chatbot.vcxproj -> C:\ChatScript\LOEBNERVS2010\loebner_chatbot\..\..\loebner.exe
       BscMake:
         C:\Program Files (x86)\Microsoft Visual Studio 10.0\VC\bin\bscmake.exe /nologo /o"..\..\loebner.bsc" Debug\constructCode.sbr Debug\csocket.sbr Debug\dictionarySystem.sbr Debug\english.sbr Debug\englishtagger.sbr Debug\factSystem.sbr Debug\functionExecute.sbr Debug\infer.sbr Debug\jsmn.sbr Debug\mainSystem.sbr Debug\markSystem.sbr Debug\os.sbr Debug\outputSystem.sbr Debug\patternSystem.sbr Debug\readrawdata.sbr Debug\scriptCompile.sbr Debug\spellcheck.sbr Debug\systemVariables.sbr Debug\tagger.sbr Debug\testing.sbr Debug\textUtilities.sbr Debug\tokenSystem.sbr Debug\topicSystem.sbr Debug\userCache.sbr Debug\userSystem.sbr Debug\variableSystem.sbr Debug\loebner_chatbot.sbr Debug\stdafx.sbr
       FinalizeBuildStatus:
         Deleting file "Debug\loebner_chatbot.unsuccessfulbuild".
         Touching "Debug\loebner_chatbot.lastbuildstate".
     1>Done Building Project "C:\ChatScript\LOEBNERVS2010\loebner_chatbot\loebner_chatbot.vcxproj" (build target(s)).

Build succeeded.

Time Elapsed 00:00:08.30
